<?xml version="1.0" encoding="UTF-8"?>
<!-- Generated by org.testng.reporters.JUnitReportReporter -->
<testsuite hostname="DESKTOP-UAKQSLH" failures="0" tests="6" name="packkk.Test11" time="3.323" errors="0" timestamp="2024-08-31T11:20:29 IST" skipped="0">
  <testcase classname="packkk.Test11" name="tc1" time="0.244"/>
  <system-out/>
  <testcase classname="packkk.Test11" name="tc1" time="1.554"/>
  <system-out/>
  <testcase classname="packkk.Test11" name="tc2" time="0.422"/>
  <system-out/>
  <testcase classname="packkk.Test11" name="tc2" time="0.362"/>
  <system-out/>
  <testcase classname="packkk.Test11" name="tc3" time="0.494"/>
  <system-out/>
  <testcase classname="packkk.Test11" name="tc3" time="0.247"/>
  <system-out/>
</testsuite> <!-- packkk.Test11 -->
