<?xml version="1.0" encoding="UTF-8"?>
<!-- Generated by org.testng.reporters.JUnitReportReporter -->
<testsuite hostname="DESKTOP-UAKQSLH" failures="0" tests="2" name="packkk.Tttt" time="0.456" errors="0" timestamp="2024-08-15T18:27:24 IST" skipped="0">
  <testcase classname="packkk.Tttt" name="tc1" time="0.250"/>
  <system-out/>
  <testcase classname="packkk.Tttt" name="tc2" time="0.206"/>
  <system-out/>
</testsuite> <!-- packkk.Tttt -->
