<?xml version="1.0" encoding="UTF-8"?>
<!-- Generated by org.testng.reporters.JUnitReportReporter -->
<testsuite hostname="DESKTOP-UAKQSLH" failures="0" tests="2" name="pack11a.Test11a" time="1.348" errors="0" timestamp="2024-07-14T15:10:04 IST" skipped="0">
  <testcase classname="pack11a.Test11a" name="testcase01" time="0.561"/>
  <system-out/>
  <testcase classname="pack11a.Test11a" name="test2" time="0.787"/>
  <system-out/>
</testsuite> <!-- pack11a.Test11a -->
