<?xml version="1.0" encoding="UTF-8"?>
<!-- Generated by org.testng.reporters.JUnitReportReporter -->
<testsuite hostname="DESKTOP-UAKQSLH" failures="0" tests="1" name="packkk.Vgt" time="8.817" errors="0" timestamp="2024-09-05T10:23:07 IST" skipped="0">
  <testcase classname="packkk.Vgt" name="tc1" time="8.817"/>
  <system-out/>
</testsuite> <!-- packkk.Vgt -->
