<?xml version="1.0" encoding="UTF-8"?>
<!-- Generated by org.testng.reporters.JUnitReportReporter -->
<testsuite hostname="DESKTOP-UAKQSLH" failures="0" tests="1" name="packkk.Pagin" time="12.550" errors="0" timestamp="2024-09-01T14:56:19 IST" skipped="0">
  <testcase classname="packkk.Pagin" name="tc1" time="12.550"/>
  <system-out/>
</testsuite> <!-- packkk.Pagin -->
