<?xml version="1.0" encoding="UTF-8"?>
<!-- Generated by org.testng.reporters.JUnitReportReporter -->
<testsuite hostname="DESKTOP-UAKQSLH" failures="0" tests="1" name="pack22.Sel" time="13.664" errors="0" timestamp="2024-09-07T11:34:19 IST" skipped="0">
  <testcase classname="pack22.Sel" name="tc1" time="13.664"/>
  <system-out/>
</testsuite> <!-- pack22.Sel -->
