<?xml version="1.0" encoding="UTF-8"?>
<!-- Generated by org.testng.reporters.JUnitReportReporter -->
<testsuite hostname="DESKTOP-UAKQSLH" failures="0" tests="2" name="pack22.Test11" time="1.278" errors="0" timestamp="2024-09-06T18:06:55 IST" skipped="0">
  <testcase classname="pack22.Test11" name="tc1" time="0.581"/>
  <system-out/>
  <testcase classname="pack22.Test11" name="tc1" time="0.697"/>
  <system-out/>
</testsuite> <!-- pack22.Test11 -->
