<?xml version="1.0" encoding="UTF-8"?>
<!-- Generated by org.testng.reporters.JUnitReportReporter -->
<testsuite hostname="DESKTOP-UAKQSLH" failures="0" tests="2" name="com.testcases.Tc001" time="6.055" errors="0" timestamp="2024-09-14T15:39:08 IST" skipped="0">
  <testcase classname="com.testcases.Tc001" name="tc1" time="2.163"/>
  <system-out/>
  <testcase classname="com.testcases.Tc001" name="tc1" time="3.892"/>
  <system-out/>
</testsuite> <!-- com.testcases.Tc001 -->
