<?xml version="1.0" encoding="UTF-8"?>
<!-- Generated by org.testng.reporters.JUnitReportReporter -->
<testsuite hostname="DESKTOP-UAKQSLH" failures="0" tests="2" name="packkk.Tess" time="1.649" errors="0" timestamp="2024-08-15T18:05:54 IST" skipped="0">
  <testcase classname="packkk.Tess" name="test1" time="0.787"/>
  <system-out/>
  <testcase classname="packkk.Tess" name="test1" time="0.862"/>
  <system-out/>
</testsuite> <!-- packkk.Tess -->
